ERROR - 2026-05-08 07:24:43 --> Error connecting to the database: mysqli_sql_exception: No such file or directory in /opt/lampp/htdocs/projet-regime-alimentaire/system/Database/MySQLi/Connection.php:201
Stack trace:
#0 /opt/lampp/htdocs/projet-regime-alimentaire/system/Database/MySQLi/Connection.php(201): mysqli->real_connect()
#1 /opt/lampp/htdocs/projet-regime-alimentaire/system/Database/BaseConnection.php(555): CodeIgniter\Database\MySQLi\Connection->connect()
#2 /opt/lampp/htdocs/projet-regime-alimentaire/system/Database/BaseConnection.php(795): CodeIgniter\Database\BaseConnection->initialize()
#3 /opt/lampp/htdocs/projet-regime-alimentaire/system/Database/BaseBuilder.php(1649): CodeIgniter\Database\BaseConnection->query()
#4 /opt/lampp/htdocs/projet-regime-alimentaire/system/Model.php(295): CodeIgniter\Database\BaseBuilder->get()
#5 /opt/lampp/htdocs/projet-regime-alimentaire/system/BaseModel.php(714): CodeIgniter\Model->doFirst()
#6 /opt/lampp/htdocs/projet-regime-alimentaire/app/Models/AdminModel.php(15): CodeIgniter\BaseModel->first()
#7 /opt/lampp/htdocs/projet-regime-alimentaire/app/Controllers/Admin/Auth.php(38): App\Models\AdminModel->findByEmail()
#8 /opt/lampp/htdocs/projet-regime-alimentaire/system/CodeIgniter.php(951): App\Controllers\Admin\Auth->loginPost()
#9 /opt/lampp/htdocs/projet-regime-alimentaire/system/CodeIgniter.php(497): CodeIgniter\CodeIgniter->runController()
#10 /opt/lampp/htdocs/projet-regime-alimentaire/system/CodeIgniter.php(340): CodeIgniter\CodeIgniter->handleRequest()
#11 /opt/lampp/htdocs/projet-regime-alimentaire/system/Boot.php(417): CodeIgniter\CodeIgniter->run()
#12 /opt/lampp/htdocs/projet-regime-alimentaire/system/Boot.php(68): CodeIgniter\Boot::runCodeIgniter()
#13 /opt/lampp/htdocs/projet-regime-alimentaire/public/index.php(59): CodeIgniter\Boot::bootWeb()
#14 /opt/lampp/htdocs/projet-regime-alimentaire/system/rewrite.php(44): require_once('...')
#15 {main}

Next CodeIgniter\Database\Exceptions\DatabaseException: No such file or directory in /opt/lampp/htdocs/projet-regime-alimentaire/system/Database/MySQLi/Connection.php:231
Stack trace:
#0 /opt/lampp/htdocs/projet-regime-alimentaire/system/Database/BaseConnection.php(555): CodeIgniter\Database\MySQLi\Connection->connect()
#1 /opt/lampp/htdocs/projet-regime-alimentaire/system/Database/BaseConnection.php(795): CodeIgniter\Database\BaseConnection->initialize()
#2 /opt/lampp/htdocs/projet-regime-alimentaire/system/Database/BaseBuilder.php(1649): CodeIgniter\Database\BaseConnection->query()
#3 /opt/lampp/htdocs/projet-regime-alimentaire/system/Model.php(295): CodeIgniter\Database\BaseBuilder->get()
#4 /opt/lampp/htdocs/projet-regime-alimentaire/system/BaseModel.php(714): CodeIgniter\Model->doFirst()
#5 /opt/lampp/htdocs/projet-regime-alimentaire/app/Models/AdminModel.php(15): CodeIgniter\BaseModel->first()
#6 /opt/lampp/htdocs/projet-regime-alimentaire/app/Controllers/Admin/Auth.php(38): App\Models\AdminModel->findByEmail()
#7 /opt/lampp/htdocs/projet-regime-alimentaire/system/CodeIgniter.php(951): App\Controllers\Admin\Auth->loginPost()
#8 /opt/lampp/htdocs/projet-regime-alimentaire/system/CodeIgniter.php(497): CodeIgniter\CodeIgniter->runController()
#9 /opt/lampp/htdocs/projet-regime-alimentaire/system/CodeIgniter.php(340): CodeIgniter\CodeIgniter->handleRequest()
#10 /opt/lampp/htdocs/projet-regime-alimentaire/system/Boot.php(417): CodeIgniter\CodeIgniter->run()
#11 /opt/lampp/htdocs/projet-regime-alimentaire/system/Boot.php(68): CodeIgniter\Boot::runCodeIgniter()
#12 /opt/lampp/htdocs/projet-regime-alimentaire/public/index.php(59): CodeIgniter\Boot::bootWeb()
#13 /opt/lampp/htdocs/projet-regime-alimentaire/system/rewrite.php(44): require_once('...')
#14 {main}
CRITICAL - 2026-05-08 07:24:43 --> CodeIgniter\Database\Exceptions\DatabaseException: Unable to connect to the database.
Main connection [MySQLi]: No such file or directory
[Method: POST, Route: admin/auth/login]
in SYSTEMPATH/Database/BaseConnection.php on line 606.
 1 SYSTEMPATH/Database/BaseConnection.php(795): CodeIgniter\Database\BaseConnection->initialize()
 2 SYSTEMPATH/Database/BaseBuilder.php(1649): CodeIgniter\Database\BaseConnection->query()
 3 SYSTEMPATH/Model.php(295): CodeIgniter\Database\BaseBuilder->get()
 4 SYSTEMPATH/BaseModel.php(714): CodeIgniter\Model->doFirst()
 5 APPPATH/Models/AdminModel.php(15): CodeIgniter\BaseModel->first()
 6 APPPATH/Controllers/Admin/Auth.php(38): App\Models\AdminModel->findByEmail()
 7 SYSTEMPATH/CodeIgniter.php(951): App\Controllers\Admin\Auth->loginPost()
 8 SYSTEMPATH/CodeIgniter.php(497): CodeIgniter\CodeIgniter->runController()
 9 SYSTEMPATH/CodeIgniter.php(340): CodeIgniter\CodeIgniter->handleRequest()
10 SYSTEMPATH/Boot.php(417): CodeIgniter\CodeIgniter->run()
11 SYSTEMPATH/Boot.php(68): CodeIgniter\Boot::runCodeIgniter()
12 FCPATH/index.php(59): CodeIgniter\Boot::bootWeb()
13 SYSTEMPATH/rewrite.php(44): require_once('/opt/lampp/htdocs/projet-regime-alimentaire/public/index.php')
ERROR - 2026-05-08 07:26:07 --> Error connecting to the database: mysqli_sql_exception: No such file or directory in /opt/lampp/htdocs/projet-regime-alimentaire/system/Database/MySQLi/Connection.php:201
Stack trace:
#0 /opt/lampp/htdocs/projet-regime-alimentaire/system/Database/MySQLi/Connection.php(201): mysqli->real_connect()
#1 /opt/lampp/htdocs/projet-regime-alimentaire/system/Database/BaseConnection.php(555): CodeIgniter\Database\MySQLi\Connection->connect()
#2 /opt/lampp/htdocs/projet-regime-alimentaire/system/Database/BaseConnection.php(795): CodeIgniter\Database\BaseConnection->initialize()
#3 /opt/lampp/htdocs/projet-regime-alimentaire/system/Database/BaseConnection.php(1706): CodeIgniter\Database\BaseConnection->query()
#4 /opt/lampp/htdocs/projet-regime-alimentaire/system/Database/BaseConnection.php(1726): CodeIgniter\Database\BaseConnection->listTables()
#5 /opt/lampp/htdocs/projet-regime-alimentaire/system/Database/MigrationRunner.php(821): CodeIgniter\Database\BaseConnection->tableExists()
#6 /opt/lampp/htdocs/projet-regime-alimentaire/system/Database/MigrationRunner.php(173): CodeIgniter\Database\MigrationRunner->ensureTable()
#7 /opt/lampp/htdocs/projet-regime-alimentaire/system/Commands/Database/Migrate.php(89): CodeIgniter\Database\MigrationRunner->latest()
#8 /opt/lampp/htdocs/projet-regime-alimentaire/system/CLI/SignalTrait.php(245): CodeIgniter\Commands\Database\Migrate::CodeIgniter\Commands\Database\{closure}()
#9 /opt/lampp/htdocs/projet-regime-alimentaire/system/Commands/Database/Migrate.php(88): CodeIgniter\Commands\Database\Migrate->withSignalsBlocked()
#10 /opt/lampp/htdocs/projet-regime-alimentaire/system/CLI/Commands.php(74): CodeIgniter\Commands\Database\Migrate->run()
#11 /opt/lampp/htdocs/projet-regime-alimentaire/system/CLI/Console.php(47): CodeIgniter\CLI\Commands->run()
#12 /opt/lampp/htdocs/projet-regime-alimentaire/system/Boot.php(442): CodeIgniter\CLI\Console->run()
#13 /opt/lampp/htdocs/projet-regime-alimentaire/system/Boot.php(166): CodeIgniter\Boot::runCommand()
#14 /opt/lampp/htdocs/projet-regime-alimentaire/spark(87): CodeIgniter\Boot::bootSpark()
#15 {main}

Next CodeIgniter\Database\Exceptions\DatabaseException: No such file or directory in /opt/lampp/htdocs/projet-regime-alimentaire/system/Database/MySQLi/Connection.php:231
Stack trace:
#0 /opt/lampp/htdocs/projet-regime-alimentaire/system/Database/BaseConnection.php(555): CodeIgniter\Database\MySQLi\Connection->connect()
#1 /opt/lampp/htdocs/projet-regime-alimentaire/system/Database/BaseConnection.php(795): CodeIgniter\Database\BaseConnection->initialize()
#2 /opt/lampp/htdocs/projet-regime-alimentaire/system/Database/BaseConnection.php(1706): CodeIgniter\Database\BaseConnection->query()
#3 /opt/lampp/htdocs/projet-regime-alimentaire/system/Database/BaseConnection.php(1726): CodeIgniter\Database\BaseConnection->listTables()
#4 /opt/lampp/htdocs/projet-regime-alimentaire/system/Database/MigrationRunner.php(821): CodeIgniter\Database\BaseConnection->tableExists()
#5 /opt/lampp/htdocs/projet-regime-alimentaire/system/Database/MigrationRunner.php(173): CodeIgniter\Database\MigrationRunner->ensureTable()
#6 /opt/lampp/htdocs/projet-regime-alimentaire/system/Commands/Database/Migrate.php(89): CodeIgniter\Database\MigrationRunner->latest()
#7 /opt/lampp/htdocs/projet-regime-alimentaire/system/CLI/SignalTrait.php(245): CodeIgniter\Commands\Database\Migrate::CodeIgniter\Commands\Database\{closure}()
#8 /opt/lampp/htdocs/projet-regime-alimentaire/system/Commands/Database/Migrate.php(88): CodeIgniter\Commands\Database\Migrate->withSignalsBlocked()
#9 /opt/lampp/htdocs/projet-regime-alimentaire/system/CLI/Commands.php(74): CodeIgniter\Commands\Database\Migrate->run()
#10 /opt/lampp/htdocs/projet-regime-alimentaire/system/CLI/Console.php(47): CodeIgniter\CLI\Commands->run()
#11 /opt/lampp/htdocs/projet-regime-alimentaire/system/Boot.php(442): CodeIgniter\CLI\Console->run()
#12 /opt/lampp/htdocs/projet-regime-alimentaire/system/Boot.php(166): CodeIgniter\Boot::runCommand()
#13 /opt/lampp/htdocs/projet-regime-alimentaire/spark(87): CodeIgniter\Boot::bootSpark()
#14 {main}
CRITICAL - 2026-05-08 07:28:34 --> ErrorException: Undefined array key "password_hash"
[Method: POST, Route: admin/auth/login]
in APPPATH/Controllers/Admin/Auth.php on line 45.
 1 APPPATH/Controllers/Admin/Auth.php(45): CodeIgniter\Debug\Exceptions->errorHandler()
 2 SYSTEMPATH/CodeIgniter.php(951): App\Controllers\Admin\Auth->loginPost()
 3 SYSTEMPATH/CodeIgniter.php(497): CodeIgniter\CodeIgniter->runController()
 4 SYSTEMPATH/CodeIgniter.php(340): CodeIgniter\CodeIgniter->handleRequest()
 5 SYSTEMPATH/Boot.php(417): CodeIgniter\CodeIgniter->run()
 6 SYSTEMPATH/Boot.php(68): CodeIgniter\Boot::runCodeIgniter()
 7 FCPATH/index.php(59): CodeIgniter\Boot::bootWeb()
 8 SYSTEMPATH/rewrite.php(44): require_once('/opt/lampp/htdocs/projet-regime-alimentaire/public/index.php')
CRITICAL - 2026-05-08 07:28:48 --> ErrorException: Undefined array key "password_hash"
[Method: POST, Route: admin/auth/login]
in APPPATH/Controllers/Admin/Auth.php on line 45.
 1 APPPATH/Controllers/Admin/Auth.php(45): CodeIgniter\Debug\Exceptions->errorHandler()
 2 SYSTEMPATH/CodeIgniter.php(951): App\Controllers\Admin\Auth->loginPost()
 3 SYSTEMPATH/CodeIgniter.php(497): CodeIgniter\CodeIgniter->runController()
 4 SYSTEMPATH/CodeIgniter.php(340): CodeIgniter\CodeIgniter->handleRequest()
 5 SYSTEMPATH/Boot.php(417): CodeIgniter\CodeIgniter->run()
 6 SYSTEMPATH/Boot.php(68): CodeIgniter\Boot::runCodeIgniter()
 7 FCPATH/index.php(59): CodeIgniter\Boot::bootWeb()
 8 SYSTEMPATH/rewrite.php(44): require_once('/opt/lampp/htdocs/projet-regime-alimentaire/public/index.php')
CRITICAL - 2026-05-08 07:29:22 --> ErrorException: Undefined array key "password_hash"
[Method: POST, Route: admin/auth/login]
in APPPATH/Controllers/Admin/Auth.php on line 45.
 1 APPPATH/Controllers/Admin/Auth.php(45): CodeIgniter\Debug\Exceptions->errorHandler()
 2 SYSTEMPATH/CodeIgniter.php(951): App\Controllers\Admin\Auth->loginPost()
 3 SYSTEMPATH/CodeIgniter.php(497): CodeIgniter\CodeIgniter->runController()
 4 SYSTEMPATH/CodeIgniter.php(340): CodeIgniter\CodeIgniter->handleRequest()
 5 SYSTEMPATH/Boot.php(417): CodeIgniter\CodeIgniter->run()
 6 SYSTEMPATH/Boot.php(68): CodeIgniter\Boot::runCodeIgniter()
 7 FCPATH/index.php(59): CodeIgniter\Boot::bootWeb()
 8 SYSTEMPATH/rewrite.php(44): require_once('/opt/lampp/htdocs/projet-regime-alimentaire/public/index.php')
